# Bitdefender Total Security log - realistic format
# Generated for testing malware detection parsing
2025-06-30 07:58:12 Bitdefender Total Security Engine started successfully
2025-06-30 07:58:13 Bitdefender Total Security Product version: 27.0.25.89 Build 27.0.25.89
2025-06-30 07:58:13 Bitdefender Total Security Virus definitions version: 7.100982
2025-06-30 07:58:14 Bitdefender Total Security Real-time protection enabled
2025-06-30 08:00:00 Bitdefender Total Security System scan initiated
2025-06-30 08:00:05 Bitdefender Total Security Scanning system files and boot sectors
2025-06-30 08:15:33 Bitdefender Total Security Scanning installed applications
2025-06-30 08:30:21 Bitdefender Total Security Scanning user files
2025-06-30 08:45:17 Bitdefender Total Security System scan completed - No threats detected
2025-06-30 10:15:00 Bitdefender Total Security Virus definitions updated to version 7.100983
2025-06-30 12:00:00 Bitdefender Total Security Web protection active
2025-06-30 13:22:45 Bitdefender Total Security File accessed: C:\Users\Пользователь\Downloads\eicar.com.txt
2025-06-30 13:22:45 Bitdefender Total Security Threat detected: DOS/EICAR_Test_File
2025-06-30 13:22:45 Bitdefender Total Security File: C:\Users\Пользователь\Downloads\eicar.com.txt
2025-06-30 13:22:45 Bitdefender Total Security Action: Quarantined
2025-06-30 13:22:46 Bitdefender Total Security Quarantine entry created for infected file
2025-06-30 14:00:00 Bitdefender Total Security Firewall status: Active
2025-06-30 15:30:12 Bitdefender Total Security User restored file from quarantine: eicar.com.txt
2025-06-30 15:30:12 Bitdefender Total Security Re-scanning restored file
2025-06-30 15:30:12 Bitdefender Total Security Threat detected: DOS/EICAR_Test_File
2025-06-30 15:30:12 Bitdefender Total Security File: C:\Users\Пользователь\Desktop\eicar.com.txt
2025-06-30 15:30:13 Bitdefender Total Security Action: Deleted
2025-06-30 16:00:00 Bitdefender Total Security Anti-phishing module active
2025-06-30 17:15:28 Bitdefender Total Security SafePay browser launched
2025-06-30 18:00:00 Bitdefender Total Security Vulnerability scan initiated
2025-06-30 18:05:33 Bitdefender Total Security Vulnerability scan completed - System up to date
2025-06-30 19:30:00 Bitdefender Total Security Virus definitions updated to version 7.100984
2025-06-30 20:00:00 Bitdefender Total Security Privacy protection active
2025-06-30 21:45:00 Bitdefender Total Security Parental controls: No violations detected
2025-06-30 22:00:00 Bitdefender Total Security Daily report: Threats blocked: 2, Files scanned: 15,847
2025-06-30 23:59:58 Bitdefender Total Security All protection modules active and running