2025-Jul-01 18:47:24.322968 [ 4300] [INF] [LOG] Starting service...
===============================================================================
 Dr.Web Control Service for Windows v12.12.34.01280
 Copyright (c) Doctor Web, Ltd., 1992-2025
 Current arch: x64
 Binary: x64
 Operating System: Windows 10 x64 (Build 19045)
 Command line: C:\Program Files\DrWeb\dwservice.exe --logfile=C:\ProgramData\Doctor Web\Logs\dwservice.log 
===============================================================================
2025-Jul-01 18:47:24.465171 [ 5656] [INF] [service] [service_main] !Set SERVICE_RUNNING successfully...Start
2025-Jul-01 18:47:24.465198 [ 5656] [INF] [service] Unable to open FW driver. Disabling service ...
2025-Jul-01 18:47:24.635764 [ 5308] [INF] [kernel-power] Start system events tracing ...
2025-Jul-01 18:47:24.635787 [ 5656] [INF] [init-all] standalone (ss) mode
2025-Jul-01 18:47:24.635794 [ 5656] [INF] [init-all] Creating STANDALONE components...
2025-Jul-01 18:47:24.647427 [ 5656] [INF] [config] Create
2025-Jul-01 18:47:24.647490 [ 5656] [INF] [secrets] Create
2025-Jul-01 18:47:24.659660 [ 5656] [INF] [win_upgrade] Create
2025-Jul-01 18:47:24.659861 [ 5656] [INF] [protection] Create
2025-Jul-01 18:47:24.660029 [ 5656] [INF] [ark-daemon] create
2025-Jul-01 18:47:24.661051 [ 5656] [INF] [licenses] Create
2025-Jul-01 18:47:24.664725 [ 5656] [INF] [hips] Create
2025-Jul-01 18:47:24.669010 [ 5656] [INF] [qr] Create
2025-Jul-01 18:47:24.670584 [ 5656] [INF] [local-service] self protection enabled
2025-Jul-01 18:47:24.670607 [ 5656] [INF] [local-service] Create
2025-Jul-01 18:47:24.670612 [ 5656] [INF] [components] Create
2025-Jul-01 18:47:24.670656 [ 5656] [INF] [bg-scan] Create
2025-Jul-01 18:47:24.670759 [ 5656] [INF] [Updater] Create
2025-Jul-01 18:47:24.670771 [ 5656] [INF] [Backup] create
2025-Jul-01 18:47:24.670802 [ 5656] [INF] [Scheduler] Create
2025-Jul-01 18:47:24.671197 [ 5656] [INF] [multicast] Create
2025-Jul-01 18:47:24.671230 [ 5656] [INF] [firewall] Create
2025-Jul-01 18:47:24.671283 [ 5656] [INF] [sysinfo] Create
2025-Jul-01 18:47:24.671312 [ 5656] [INF] [statistics] Create
2025-Jul-01 18:47:24.671401 [ 5656] [INF] [filesystem] Create
2025-Jul-01 18:47:24.671459 [ 5656] [INF] [dws9] Create
2025-Jul-01 18:47:24.677658 [ 5656] [INF] [event-manager] Create
2025-Jul-01 18:47:24.681280 [ 5656] [INF] [email] Create
2025-Jul-01 18:47:24.681305 [ 5656] [INF] [scanner] Create
2025-Jul-01 18:47:24.681505 [ 5656] [INF] [drweb-server-events] Stored sending events to server is enabled
2025-Jul-01 18:47:24.736619 [ 5656] [INF] [protection] Dwprot manager has been opened for the first time
2025-Jul-01 18:47:24.736710 [ 5656] [INF] [cloud] Successfully send 'change_use_cloud_flag' signal to cloud service
2025-Jul-01 18:47:24.736769 [ 5656] [INF] [hips] reinit recorders excludes. Got 0 values
2025-Jul-01 18:47:24.737588 [ 5656] [INF] [local-service] Deny time is disabled , pc time limit is disabled
2025-Jul-01 18:47:24.915730 [ 5656] [INF] [win_upgrade] start
2025-Jul-01 18:47:24.917187 [ 5656] [INF] [protection] start
2025-Jul-01 18:47:24.917405 [ 5656] [INF] [protection] load bucket 0 success
2025-Jul-01 18:47:24.917435 [ 5656] [INF] [protection] load bucket 1 success
2025-Jul-01 18:47:24.917715 [ 5656] [INF] [protection] DevGuard manager has been opened for the first time
2025-Jul-01 18:47:24.917841 [ 5656] [INF] [protection] Save 35 guids to devguard list
2025-Jul-01 18:47:24.919437 [ 5656] [INF] [ark-daemon] start...
2025-Jul-01 18:47:25.007288 [ 5656] [INF] [arkdll] init flags: 0x89f
2025-Jul-01 18:47:25.151093 [ 5656] [INF] [arkdll] dwprot version: 12.06.29.2050, api: 1.66
2025-Jul-01 18:47:25.151132 [ 5656] [INF] [arkdll] dwprot init, time: 0.218300 ms
2025-Jul-01 18:47:25.513382 [ 5656] [INF] [arkdll] shield init, time: 347.900500 ms
2025-Jul-01 18:47:26.998978 [ 5656] [INF] [arkdll] arkdb load, ver: 5.0, timestamp: 29.05.2025 13:46:46.0000, size: 6105383 bytes, records: files: 58, certs: 124547/38, sg: 49, hash: 648a03c4c1515e1446c0fe5bdf2a0cdb4dc8f868, load ok, elapsed time: 1426.420700 ms
2025-Jul-01 18:47:27.068107 [ 5656] [INF] [arkdll] cert manager init, time: 68.879300 ms
2025-Jul-01 18:47:27.134949 [ 5656] [INF] [arkdll] bootop init, time: 0.135000 ms
2025-Jul-01 18:47:27.134973 [ 5656] [INF] [arkdll] spider version: 12.06.07.2060
2025-Jul-01 18:47:27.150055 [ 5656] [INF] [arkdll] av client init, time: 14.924300 ms
2025-Jul-01 18:47:27.150090 [ 5656] [INF] [arkdll] cloud host client init
2025-Jul-01 18:47:27.190027 [ 5656] [INF] [arkdll] se client init, time: 6.280500 ms
2025-Jul-01 18:47:27.194434 [ 5656] [INF] [arkdll] qr client init, time: 4.386000 ms
2025-Jul-01 18:47:27.194540 [ 5656] [WRN] [arkdll] can't init app control
2025-Jul-01 18:47:27.194578 [ 5656] [WRN] [arkdll] can't init shell guard
2025-Jul-01 18:47:27.194584 [ 5656] [INF] [arkdll] library successfully initialized
2025-Jul-01 18:47:27.195815 [ 5656] [INF] [ark-daemon] load and init success version: 12.6.33.2025_03_20_0, API version = 901
2025-Jul-01 18:47:27.195837 [ 5656] [INF] [ark-daemon] [ark] system hash md5: 1AEE7806CFB14500B6B52CE544677D4E, sha1: 1ED14244AFCDFB758CB0164A2C02128A8C5C3A74, ver2 md5: 0FBE3BDC0BA8A6BD83069ED854BB4170, ver2 sha1: 28D367539BABC25369028B311724D182B48CEA9B
2025-Jul-01 18:47:27.195876 [ 5656] [INF] [ark-daemon] started
2025-Jul-01 18:47:27.195887 [ 5656] [INF] [cloud] start
2025-Jul-01 18:47:27.231762 [ 5656] [INF] [cloud-client] Successfully connected to av-client
2025-Jul-01 18:47:27.231993 [ 5656] [INF] [licenses] Exception occured on get_lic_from_file: The system cannot find the file specified. (2) (2)
2025-Jul-01 18:47:27.232628 [ 6624] [INF] [arkdll] wmi monitor init, time: 37.902800 ms
2025-Jul-01 18:47:27.245540 [ 5656] [INF] [licenses] License 151868429 is clean (ark res = 0)
2025-Jul-01 18:47:27.258701 [ 5656] [INF] [licenses] Exception occured on get_lic_from_file: The system cannot find the file specified. (2) (2)
2025-Jul-01 18:47:27.258725 [ 5656] [INF] [licenses] set_current, user_num: 151868429
2025-Jul-01 18:47:27.259133 [ 5656] [INF] [licenses] license 151868429 is set as current
2025-Jul-01 18:47:27.259577 [ 5656] [INF] [hips] on_new_common_license
2025-Jul-01 18:47:27.259618 [ 5656] [INF] [components] License is changed. Set Gate state started
2025-Jul-01 18:47:27.259648 [ 5656] [INF] [components] License is changed. Set Mail state started
2025-Jul-01 18:47:27.259815 [ 5656] [INF] [DPH] reinit objects...
2025-Jul-01 18:47:27.260824 [ 5656] [INF] [DPH] reinit objects success
2025-Jul-01 18:47:27.260978 [ 5656] [INF] [DPH] <DefH> started.
2025-Jul-01 18:47:27.260991 [ 5656] [INF] [DPH] <DelH> started.
2025-Jul-01 18:47:27.260997 [ 5656] [INF] [DPH] <HrdH> started.
2025-Jul-01 18:47:27.261002 [ 5656] [INF] [DPH] Manager started...3 workers.
2025-Jul-01 18:47:27.263288 [ 4264] [INF] [arkdll] 

id: 1, timestamp: 01.07.2025 18:47:27.0261, type: FileVolMount (64), flags: 0 (wait: 0)
sid: <unknown>, cid: 4/8:<unknown>
device: \Device\Mup
id: 1 ==> none [0], time: 0.040200 ms

2025-Jul-01 19:49:21.285583 [ 8252] [INF] [arkdll] 

id: 20452, timestamp: 01.07.2025 19:49:21.0285, type: PsDelete (17), flags: 1 (wait: 1)
sid: S-1-5-21-1061582226-751946493-1957920565-1001, cid: 4000/13828:\Device\HarddiskVolume3\Users\РџРѕР»СЊР·РѕРІР°С‚РµР»СЊ\AppData\Local\Microsoft\OneDrive\25.105.0601.0002\FileCoAuth.exe
context: start addr: 0x00007FF62588E220, image: 0x00007FF625760000:\Device\HarddiskVolume3\Users\РџРѕР»СЊР·РѕРІР°С‚РµР»СЊ\AppData\Local\Microsoft\OneDrive\25.105.0601.0002\FileCoAuth.exe
unique id: 4000-133958621551771688-140695167172608
terminated process: \Device\HarddiskVolume3\Users\РџРѕР»СЊР·РѕРІР°С‚РµР»СЊ\AppData\Local\Microsoft\OneDrive\25.105.0601.0002\FileCoAuth.exe:4000
fileinfo: size: 2223408, easize: 180, attr: 0x20, buildtime: 15.06.2002 19:58:40.0000, ctime: 01.07.2025 13:15:32.0339, atime: 01.07.2025 18:59:15.0275, mtime: 01.07.2025 13:15:32.0351, descr: Microsoft OneDriveFile Co-Authoring Executable, ver: 25.105.0601.0002, company: Microsoft Corporation, oname: FileCoAuth.exe
signer: C=US|ST=Washington|L=Redmond|O=Microsoft Corporation|CN=Microsoft Corporation, issuer: C=US|ST=Washington|L=Redmond|O=Microsoft Corporation|CN=Microsoft Code Signing PCA 2010, timestamp: 05.06.2025 09:11:21.0000, thumbprint: 772b07b19c91cbf81994e4fcf0a664ecca65f36e, eku: unknown [28], flags: 0x3a, hash alg: Sha256
creator name: Microsoft
creator url: http://www.microsoft.com
file sha1: 9a37c9ba0075dac1d570d307df1b087ab572a843
file sha256: d4086ab18c4db688a191a11e204d1cf110ecb4e4c69198cb7b7b0566b04bbc2e
status: signed_microsoft, pe64, spc, dfc / signed_microsoft / unknown / unknown / unknown / unknown
id: 20452 ==> undefined [1], time: 0.122600 ms

2025-Jul-01 19:50:29.001450 [ 8252] [INF] [arkdll] 

id: 20456, timestamp: 01.07.2025 19:50:28.0996, type: PsCreate (16), flags: 1 (wait: 1)
sid: S-1-5-21-1061582226-751946493-1957920565-1001, cid: 11220/10956:\Device\HarddiskVolume3\Program Files\Google\Chrome\Application\chrome.exe
context: start addr: 0x00007FFC7F7F6E70, image: 0x00007FFC7EDC0000:\Device\HarddiskVolume3\Program Files\Google\Chrome\Application\137.0.7151.120\chrome.dll
unique id: 11220-133958588616880932-140702851596288
behaviour: run_from_shortcut
created process: \Device\HarddiskVolume3\Windows\explorer.exe:10080 => \Device\HarddiskVolume3\Program Files\Google\Chrome\Application\chrome.exe:11220 => \Device\HarddiskVolume3\Program Files\Google\Chrome\Application\chrome.exe:5064
unique id: 5064-133958622289971870-140702851596288, base: 0x00007FF7EF7D0000, sid: S-1-5-21-1061582226-751946493-1957920565-1001, bitness: 64, ilevel: low, session id: 1, type: 0, reason: 0, new: 0, suspicious: 0, dbg: 0, wsl: 0
security attributes: TSA://ProcUnique
created process behaviour: run_from_shortcut
fileinfo: size: 3084952, easize: 180, attr: 0x20, buildtime: 17.06.2025 00:47:41.0000, ctime: 13.11.2020 15:39:46.0220, atime: 01.07.2025 18:55:07.0071, mtime: 17.06.2025 06:41:10.0539, descr: Google Chrome, ver: 137.0.7151.120, company: Google LLC, oname: chrome.exe
signer: SERIALNUMBER=3582691|C=US|ST=California|L=Mountain View|O=Google LLC|CN=Google LLC, issuer: C=US|O=DigiCert, Inc.|CN=DigiCert Trusted G4 Code Signing RSA4096 SHA384 2021 CA1, timestamp: 17.06.2025 06:41:10.0000, thumbprint: 607a3edaa64933e94422fc8f0c80388e0590986c, eku: unknown [20], flags: 0x3a, hash alg: Sha256
file sha1: 97ee4d792bfcc8b8a43f78fdb47a4f048f47ed4e
file sha256: 52ef83048d84025e66e13553bd1b28dffc9020416878813199eccdeb5390a212
status: db_cert_white_list, signed, pe64, db_cert_protected / signed / unknown / third_party_google_chrome / white / unknown
id: 20456 ==> undefined [1], time: 3.696400 ms

2025-Jul-01 19:50:29.998811 [ 8216] [INF] [arkdll] 

id: 20474, timestamp: 01.07.2025 19:50:29.0996, type: PsDelete (17), flags: 1 (wait: 1)
sid: S-1-5-21-1061582226-751946493-1957920565-1001, cid: 5044/11604:\Device\HarddiskVolume3\Program Files\Google\Chrome\Application\chrome.exe
context: start addr: 0x00007FFC7F7F6E70, image: 0x00007FFC7EDC0000:\Device\HarddiskVolume3\Program Files\Google\Chrome\Application\137.0.7151.120\chrome.dll
unique id: 5044-133958620700075634-140702851596288
behaviour: run_from_shortcut
terminated process: \Device\HarddiskVolume3\Program Files\Google\Chrome\Application\chrome.exe:5044
fileinfo: size: 3084952, easize: 180, attr: 0x20, buildtime: 17.06.2025 00:47:41.0000, ctime: 13.11.2020 15:39:46.0220, atime: 01.07.2025 18:55:07.0071, mtime: 17.06.2025 06:41:10.0539, descr: Google Chrome, ver: 137.0.7151.120, company: Google LLC, oname: chrome.exe
signer: SERIALNUMBER=3582691|C=US|ST=California|L=Mountain View|O=Google LLC|CN=Google LLC, issuer: C=US|O=DigiCert, Inc.|CN=DigiCert Trusted G4 Code Signing RSA4096 SHA384 2021 CA1, timestamp: 17.06.2025 06:41:10.0000, thumbprint: 607a3edaa64933e94422fc8f0c80388e0590986c, eku: unknown [20], flags: 0x3a, hash alg: Sha256
file sha1: 97ee4d792bfcc8b8a43f78fdb47a4f048f47ed4e
file sha256: 52ef83048d84025e66e13553bd1b28dffc9020416878813199eccdeb5390a212
status: db_cert_white_list, signed, pe64, db_cert_protected / signed / unknown / third_party_google_chrome / white / unknown
id: 20474 ==> undefined [1], time: 1.982200 ms

2025-Jul-01 19:50:29.999122 [ 8252] [INF] [arkdll] 

id: 20473, timestamp: 01.07.2025 19:50:29.0993, type: PsCreate (16), flags: 1 (wait: 1)
sid: S-1-5-21-1061582226-751946493-1957920565-1001, cid: 11220/10956:\Device\HarddiskVolume3\Program Files\Google\Chrome\Application\chrome.exe
context: start addr: 0x00007FFC7F7F6E70, image: 0x00007FFC7EDC0000:\Device\HarddiskVolume3\Program Files\Google\Chrome\Application\137.0.7151.120\chrome.dll
unique id: 11220-133958588616880932-140702851596288
behaviour: run_from_shortcut
created process: \Device\HarddiskVolume3\Windows\explorer.exe:10080 => \Device\HarddiskVolume3\Program Files\Google\Chrome\Application\chrome.exe:11220 => \Device\HarddiskVolume3\Program Files\Google\Chrome\Application\chrome.exe:3828
unique id: 3828-133958622299939750-140702851596288, base: 0x00007FF7EF7D0000, sid: S-1-5-21-1061582226-751946493-1957920565-1001, bitness: 64, ilevel: low, session id: 1, type: 0, reason: 0, new: 0, suspicious: 0, dbg: 0, wsl: 0
security attributes: TSA://ProcUnique
created process behaviour: run_from_shortcut
fileinfo: size: 3084952, easize: 180, attr: 0x20, buildtime: 17.06.2025 00:47:41.0000, ctime: 13.11.2020 15:39:46.0220, atime: 01.07.2025 18:55:07.0071, mtime: 17.06.2025 06:41:10.0539, descr: Google Chrome, ver: 137.0.7151.120, company: Google LLC, oname: chrome.exe
signer: SERIALNUMBER=3582691|C=US|ST=California|L=Mountain View|O=Google LLC|CN=Google LLC, issuer: C=US|O=DigiCert, Inc.|CN=DigiCert Trusted G4 Code Signing RSA4096 SHA384 2021 CA1, timestamp: 17.06.2025 06:41:10.0000, thumbprint: 607a3edaa64933e94422fc8f0c80388e0590986c, eku: unknown [20], flags: 0x3a, hash alg: Sha256
file sha1: 97ee4d792bfcc8b8a43f78fdb47a4f048f47ed4e
file sha256: 52ef83048d84025e66e13553bd1b28dffc9020416878813199eccdeb5390a212
status: db_cert_white_list, signed, pe64, db_cert_protected / signed / unknown / third_party_google_chrome / white / unknown
id: 20473 ==> undefined [1], time: 4.483500 ms

2025-Jul-01 19:50:32.074596 [ 8252] [INF] [arkdll] 

id: 20490, timestamp: 01.07.2025 19:50:32.0072, type: PsDelete (17), flags: 1 (wait: 1)
sid: S-1-5-21-1061582226-751946493-1957920565-1001, cid: 5064/5740:\Device\HarddiskVolume3\Program Files\Google\Chrome\Application\chrome.exe
context: start addr: 0x00007FFC7F7F6E70, image: 0x00007FFC7EDC0000:\Device\HarddiskVolume3\Program Files\Google\Chrome\Application\137.0.7151.120\chrome.dll
unique id: 5064-133958622289971870-140702851596288
behaviour: run_from_shortcut
terminated process: \Device\HarddiskVolume3\Program Files\Google\Chrome\Application\chrome.exe:5064
fileinfo: size: 3084952, easize: 180, attr: 0x20, buildtime: 17.06.2025 00:47:41.0000, ctime: 13.11.2020 15:39:46.0220, atime: 01.07.2025 18:55:07.0071, mtime: 17.06.2025 06:41:10.0539, descr: Google Chrome, ver: 137.0.7151.120, company: Google LLC, oname: chrome.exe
signer: SERIALNUMBER=3582691|C=US|ST=California|L=Mountain View|O=Google LLC|CN=Google LLC, issuer: C=US|O=DigiCert, Inc.|CN=DigiCert Trusted G4 Code Signing RSA4096 SHA384 2021 CA1, timestamp: 17.06.2025 06:41:10.0000, thumbprint: 607a3edaa64933e94422fc8f0c80388e0590986c, eku: unknown [20], flags: 0x3a, hash alg: Sha256
file sha1: 97ee4d792bfcc8b8a43f78fdb47a4f048f47ed4e
file sha256: 52ef83048d84025e66e13553bd1b28dffc9020416878813199eccdeb5390a212
status: db_cert_white_list, signed, pe64, db_cert_protected / signed / unknown / third_party_google_chrome / white / unknown
id: 20490 ==> undefined [1], time: 0.962900 ms

2025-Jul-01 19:50:32.247321 [ 8252] [INF] [arkdll] 

id: 20492, timestamp: 01.07.2025 19:50:32.0243, type: PsCreate (16), flags: 1 (wait: 1)
sid: S-1-5-21-1061582226-751946493-1957920565-1001, cid: 11220/10956:\Device\HarddiskVolume3\Program Files\Google\Chrome\Application\chrome.exe
context: start addr: 0x00007FFC7F7F6E70, image: 0x00007FFC7EDC0000:\Device\HarddiskVolume3\Program Files\Google\Chrome\Application\137.0.7151.120\chrome.dll
unique id: 11220-133958588616880932-140702851596288
behaviour: run_from_shortcut
created process: \Device\HarddiskVolume3\Windows\explorer.exe:10080 => \Device\HarddiskVolume3\Program Files\Google\Chrome\Application\chrome.exe:11220 => \Device\HarddiskVolume3\Program Files\Google\Chrome\Application\chrome.exe:2892
unique id: 2892-133958622322441955-140702851596288, base: 0x00007FF7EF7D0000, sid: S-1-5-21-1061582226-751946493-1957920565-1001, bitness: 64, ilevel: low, session id: 1, type: 0, reason: 0, new: 0, suspicious: 0, dbg: 0, wsl: 0
security attributes: TSA://ProcUnique
created process behaviour: run_from_shortcut
fileinfo: size: 3084952, easize: 180, attr: 0x20, buildtime: 17.06.2025 00:47:41.0000, ctime: 13.11.2020 15:39:46.0220, atime: 01.07.2025 18:55:07.0071, mtime: 17.06.2025 06:41:10.0539, descr: Google Chrome, ver: 137.0.7151.120, company: Google LLC, oname: chrome.exe
signer: SERIALNUMBER=3582691|C=US|ST=California|L=Mountain View|O=Google LLC|CN=Google LLC, issuer: C=US|O=DigiCert, Inc.|CN=DigiCert Trusted G4 Code Signing RSA4096 SHA384 2021 CA1, timestamp: 17.06.2025 06:41:10.0000, thumbprint: 607a3edaa64933e94422fc8f0c80388e0590986c, eku: unknown [20], flags: 0x3a, hash alg: Sha256
file sha1: 97ee4d792bfcc8b8a43f78fdb47a4f048f47ed4e
file sha256: 52ef83048d84025e66e13553bd1b28dffc9020416878813199eccdeb5390a212
status: db_cert_white_list, signed, pe64, db_cert_protected / signed / unknown / third_party_google_chrome / white / unknown
id: 20492 ==> undefined [1], time: 2.618500 ms

2025-Jul-01 19:50:34.260663 [ 8252] [INF] [arkdll] 

id: 20508, timestamp: 01.07.2025 19:50:34.0259, type: PsDelete (17), flags: 1 (wait: 1)
sid: S-1-5-21-1061582226-751946493-1957920565-1001, cid: 3828/13064:\Device\HarddiskVolume3\Program Files\Google\Chrome\Application\chrome.exe
context: start addr: 0x00007FFC7F7F6E70, image: 0x00007FFC7EDC0000:\Device\HarddiskVolume3\Program Files\Google\Chrome\Application\137.0.7151.120\chrome.dll
unique id: 3828-133958622299939750-140702851596288
behaviour: run_from_shortcut
terminated process: \Device\HarddiskVolume3\Program Files\Google\Chrome\Application\chrome.exe:3828
fileinfo: size: 3084952, easize: 180, attr: 0x20, buildtime: 17.06.2025 00:47:41.0000, ctime: 13.11.2020 15:39:46.0220, atime: 01.07.2025 18:55:07.0071, mtime: 17.06.2025 06:41:10.0539, descr: Google Chrome, ver: 137.0.7151.120, company: Google LLC, oname: chrome.exe
signer: SERIALNUMBER=3582691|C=US|ST=California|L=Mountain View|O=Google LLC|CN=Google LLC, issuer: C=US|O=DigiCert, Inc.|CN=DigiCert Trusted G4 Code Signing RSA4096 SHA384 2021 CA1, timestamp: 17.06.2025 06:41:10.0000, thumbprint: 607a3edaa64933e94422fc8f0c80388e0590986c, eku: unknown [20], flags: 0x3a, hash alg: Sha256
file sha1: 97ee4d792bfcc8b8a43f78fdb47a4f048f47ed4e
file sha256: 52ef83048d84025e66e13553bd1b28dffc9020416878813199eccdeb5390a212
status: db_cert_white_list, signed, pe64, db_cert_protected / signed / unknown / third_party_google_chrome / white / unknown
id: 20508 ==> undefined [1], time: 1.249200 ms

2025-Jul-01 19:51:11.542046 [ 8708] [INF] [events uniter] registered virus component: component_scanner, threat: EICAR Test File (NOT a Virus!), type: 0(ALERT_FILE_OBJECT), infection type: 1(Virus), action: 1( infected), path: C:\Users\РџРѕР»СЊР·РѕРІР°С‚РµР»СЊ\Downloads\eicar.com.txt, owner:-, user: РџРѕР»СЊР·РѕРІР°С‚РµР»СЊ
2025-Jul-01 19:51:11.542585 [ 8708] [INF] [events uniter] registered server event component: component_scanner, threat: EICAR Test File (NOT a Virus!), type: 0(ALERT_FILE_OBJECT), infection type: 1(Virus), action: 1( infected), path: C:\Users\РџРѕР»СЊР·РѕРІР°С‚РµР»СЊ\Downloads\eicar.com.txt, owner:-, user: РџРѕР»СЊР·РѕРІР°С‚РµР»СЊ
2025-Jul-01 19:51:11.659151 [ 8652] [INF] [components] scanner '12484' was removed
2025-Jul-01 19:51:11.668847 [ 9016] [INF] [io_thread] client lost.
2025-Jul-01 19:51:11.677536 [ 8252] [INF] [arkdll] 

id: 20512, timestamp: 01.07.2025 19:51:11.0676, type: PsDelete (17), flags: 0 (wait: 0)
sid: <unknown>, cid: 12484/516:<unknown>
terminated PID: 12484
id: 20512 ==> none [0], time: 0.011400 ms

2025-Jul-01 19:51:12.475895 [ 8252] [INF] [arkdll] 

id: 20514, timestamp: 01.07.2025 19:51:12.0474, type: PsCreate (16), flags: 1 (wait: 1)
sid: S-1-5-18, cid: 2716/10272:\Device\HarddiskVolume3\Windows\System32\SearchIndexer.exe
context: start addr: 0x00007FFCB6C514D0, image: 0x00007FFCB6BA0000:\Device\HarddiskVolume3\Windows\System32\mssrch.dll
unique id: 2716-133958585475604457-140698605584384
created process: \Device\HarddiskVolume3\Windows\System32\services.exe:888 => \Device\HarddiskVolume3\Windows\System32\SearchIndexer.exe:2716 => \Device\HarddiskVolume3\Windows\System32\SearchProtocolHost.exe:5672
unique id: 5672-133958622724744499-140701312876544, base: 0x00007FF793C60000, sid: S-1-5-18, bitness: 64, ilevel: system, session id: 0, type: 0, reason: 2, new: 0, suspicious: 0, dbg: 0, wsl: 0
curdir: C:\Windows\system32\, cmd: "C:\Windows\system32\SearchProtocolHost.exe" Global\UsGthrFltPipeMssGthrPipe7_ Global\UsGthrCtrlFltPipeMssGthrPipe7 1 -2147483646 "Software\Microsoft\Windows Search" "Mozilla/4.0 (compatible; MSIE 6.0; Windows NT; MS Search 4.0 Robot)" "C:\ProgramData\Microsoft\Search\Data\Temp\usgthrsvc" "DownLevelDaemon" 
security attributes: TSA://ProcUnique
fileinfo: size: 419328, easize: 416, attr: 0x20, buildtime: 28.07.1987 21:40:23.0000, ctime: 15.06.2025 15:14:09.0864, atime: 01.07.2025 18:55:11.0950, mtime: 15.06.2025 15:14:09.0876, descr: Microsoft Windows Search Protocol Host, ver: 7.0.19041.5915 (WinBuild.160101.0800), company: Microsoft Corporation, oname: SearchProtocolHost.exe
catfile: {f750e6c3-38ee-11d1-85e5-00c04fc295ee}\microsoft-windows-client-desktop-required-package051020~31bf3856ad364e35~amd64~~10.0.19041.5965.cat
file sha1: d23ea975547e29e83650d3219d343586affea86d
file sha256: f3203a5648136e25ec935efb902f465655d5845007fcb30d8339978d6a91fa36
status: signed_catroot, sfc, pe64, spc, dfc / signed_catroot / unknown / unknown / unknown / unknown
id: 20514 ==> undefined [1], time: 1.059900 ms

2025-Jul-01 19:51:12.494852 [ 8252] [INF] [arkdll] 

id: 20521, timestamp: 01.07.2025 19:51:12.0494, type: PsCreate (16), flags: 1 (wait: 1)
sid: S-1-5-18, cid: 2716/10272:\Device\HarddiskVolume3\Windows\System32\SearchIndexer.exe
context: start addr: 0x00007FFCB6C514D0, image: 0x00007FFCB6BA0000:\Device\HarddiskVolume3\Windows\System32\mssrch.dll
unique id: 2716-133958585475604457-140698605584384
created process: \Device\HarddiskVolume3\Windows\System32\services.exe:888 => \Device\HarddiskVolume3\Windows\System32\SearchIndexer.exe:2716 => \Device\HarddiskVolume3\Windows\System32\SearchFilterHost.exe:2692
unique id: 2692-133958622724939619-140698187661312, base: 0x00007FF6D97F0000, sid: S-1-5-18, bitness: 64, ilevel: medium, session id: 0, type: 0, reason: 2, new: 0, suspicious: 0, dbg: 0, wsl: 0
curdir: C:\Windows\system32\, cmd: "C:\Windows\system32\SearchFilterHost.exe" 0 832 836 844 8192 840 816 
security attributes: TSA://ProcUnique
fileinfo: size: 272896, easize: 416, attr: 0x20, buildtime: 28.11.1964 18:49:01.0000, ctime: 15.06.2025 15:14:09.0880, atime: 01.07.2025 18:55:11.0970, mtime: 15.06.2025 15:14:09.0888, descr: Microsoft Windows Search Filter Host, ver: 7.0.19041.5915 (WinBuild.160101.0800), company: Microsoft Corporation, oname: SearchFilterHost.exe
catfile: {f750e6c3-38ee-11d1-85e5-00c04fc295ee}\microsoft-windows-client-desktop-required-package051020~31bf3856ad364e35~amd64~~10.0.19041.5965.cat
file sha1: 5280c84b20a0380b5409c7513aa4e33b7feb2599
file sha256: faa595821ad90a84aa7c2eddb89834f9a6a5d9969a4b4aa8d478afd9664e1a8f
status: signed_catroot, sfc, pe64, spc, dfc / signed_catroot / unknown / unknown / unknown / unknown
id: 20521 ==> undefined [1], time: 0.489300 ms

2025-Jul-01 19:51:16.999021 [ 8652] [INF] [events uniter] registered virus component: component_scanner, threat: EICAR Test File (NOT a Virus!), type: 0(ALERT_FILE_OBJECT), infection type: 1(Virus), action: 1( infected), path: C:\Users\РџРѕР»СЊР·РѕРІР°С‚РµР»СЊ\Downloads\eicar.com.txt, owner:-, user: РџРѕР»СЊР·РѕРІР°С‚РµР»СЊ
2025-Jul-01 19:51:16.999160 [ 8652] [INF] [events uniter] registered server event component: component_scanner, threat: EICAR Test File (NOT a Virus!), type: 0(ALERT_FILE_OBJECT), infection type: 1(Virus), action: 1( infected), path: C:\Users\РџРѕР»СЊР·РѕРІР°С‚РµР»СЊ\Downloads\eicar.com.txt, owner:-, user: РџРѕР»СЊР·РѕРІР°С‚РµР»СЊ
2025-Jul-01 19:51:17.118629 [ 8636] [INF] [components] scanner '14032' was removed
2025-Jul-01 19:51:17.127484 [ 4288] [INF] [io_thread] client lost.
2025-Jul-01 19:51:17.146626 [ 8252] [INF] [arkdll] 
